<?xml version="1.0" encoding="UTF-8"?>
<!-- Generated by org.testng.reporters.JUnitXMLReporter -->
<testsuite ignored="4" hostname="LAPTOP-63PJ4J75" failures="0" tests="1" name="htcLolipopImgNamePrice" time="0.058" errors="0" timestamp="2024-02-03T22:37:39 IST">
  <testcase classname="com.utility.BaseClass" name="@BeforeTest setup" time="-1.706980059425E9">
    <skipped/>
  </testcase> <!-- @BeforeTest setup -->
  <testcase classname="com.utility.PageObjectClass" name="@BeforeMethod aagetPageClassObject" time="-1.706980059469E9">
    <skipped/>
  </testcase> <!-- @BeforeMethod aagetPageClassObject -->
  <testcase classname="com.utility.BaseClass" name="@AfterMethod checkStatus" time="-1.706980059475E9">
    <skipped/>
  </testcase> <!-- @AfterMethod checkStatus -->
  <testcase classname="com.utility.BaseClass" name="@AfterTest tearDown" time="-1.70698005948E9">
    <skipped/>
  </testcase> <!-- @AfterTest tearDown -->
  <testcase classname="com.Test.HomeTest" name="htcLolipopImgNamePrice" time="0.0">
    <skipped/>
  </testcase> <!-- htcLolipopImgNamePrice -->
  <testcase classname="com.Test.HomeTest" name="totalElementOnWebPage" time="0.0">
    <ignored/>
  </testcase> <!-- totalElementOnWebPage -->
  <testcase classname="com.Test.HomeTest" name="productLogo" time="0.0">
    <ignored/>
  </testcase> <!-- productLogo -->
  <testcase classname="com.Test.HomeTest" name="SearchProductNotAvailable" time="0.0">
    <ignored/>
  </testcase> <!-- SearchProductNotAvailable -->
  <testcase classname="com.Test.HomeTest" name="htcMiniblueImgNamePrice" time="0.0">
    <ignored/>
  </testcase> <!-- htcMiniblueImgNamePrice -->
</testsuite> <!-- htcLolipopImgNamePrice -->
