<?xml version="1.0" encoding="UTF-8"?>
<!-- Generated by org.testng.reporters.JUnitXMLReporter -->
<testsuite ignored="4" hostname="LAPTOP-63PJ4J75" failures="1" tests="4" name="Test" time="27.227" errors="0" timestamp="2024-01-24T16:34:48 IST">
  <testcase classname="com.Test.UserRegistrarionTest" name="userLoginUsingExcelData" time="4.748"/>
  <testcase classname="com.Test.UserRegistrarionTest" name="userLoginUsingExcelData" time="3.602"/>
  <testcase classname="com.Test.UserRegistrarionTest" name="userLoginUsingExcelData" time="3.452"/>
  <testcase classname="com.Test.LoginTest" name="userLogin2" time="0.0">
    <failure type="org.testng.TestNGException" message="
Method public void com.Test.LoginTest.userLogin2(java.lang.String,java.lang.String) requires a @DataProvider named : userCredentials in class com.utility.DataProviderss">
      <![CDATA[org.testng.TestNGException: 
Method public void com.Test.LoginTest.userLogin2(java.lang.String,java.lang.String) requires a @DataProvider named : userCredentials in class com.utility.DataProviderss
at java.base/java.util.ArrayList.forEach(ArrayList.java:1511)
... Removed 24 stack frames]]>
    </failure>
  </testcase> <!-- userLogin2 -->
  <testcase classname="com.Test.LoginTest" name="userLogin" time="0.0">
    <ignored/>
  </testcase> <!-- userLogin -->
  <testcase classname="com.utility.BaseClass" name="@BeforeTest setup" time="0.0">
    <ignored/>
  </testcase> <!-- @BeforeTest setup -->
  <testcase classname="com.utility.BaseClass" name="@AfterTest tearDown" time="0.0">
    <ignored/>
  </testcase> <!-- @AfterTest tearDown -->
  <testcase classname="com.Test.UserRegistrarionTest" name="RegisterNewUser" time="0.0">
    <ignored/>
  </testcase> <!-- RegisterNewUser -->
</testsuite> <!-- Test -->
