<?xml version="1.0" encoding="UTF-8"?>
<testng-results ignored="0" total="1" passed="1" failed="0" skipped="0">
  <reporter-output>
  </reporter-output>
  <suite started-at="2024-01-23T00:10:49 IST" name="Default suite" finished-at="2024-01-23T00:11:07 IST" duration-ms="18579">
    <groups>
    </groups>
    <test started-at="2024-01-23T00:10:49 IST" name="Default test" finished-at="2024-01-23T00:11:07 IST" duration-ms="18579">
      <class name="com.Test.ShippingCartTest">
        <test-method is-config="true" signature="setup()[pri:0, instance:com.Test.ShippingCartTest@7722c3c3]" started-at="2024-01-23T00:10:49 IST" name="setup" finished-at="2024-01-23T00:10:56 IST" duration-ms="7141" status="PASS">
          <reporter-output>
          </reporter-output>
        </test-method> <!-- setup -->
        <test-method is-config="true" signature="getPageClassObject()[pri:0, instance:com.Test.ShippingCartTest@7722c3c3]" started-at="2024-01-23T00:10:56 IST" name="getPageClassObject" finished-at="2024-01-23T00:10:56 IST" duration-ms="53" status="PASS">
          <reporter-output>
          </reporter-output>
        </test-method> <!-- getPageClassObject -->
        <test-method signature="addShippingCart()[pri:0, instance:com.Test.ShippingCartTest@7722c3c3]" started-at="2024-01-23T00:10:56 IST" name="addShippingCart" finished-at="2024-01-23T00:11:07 IST" duration-ms="11324" status="PASS">
          <reporter-output>
          </reporter-output>
        </test-method> <!-- addShippingCart -->
        <test-method is-config="true" signature="tearDown()[pri:0, instance:com.Test.ShippingCartTest@7722c3c3]" started-at="2024-01-23T00:11:07 IST" name="tearDown" finished-at="2024-01-23T00:11:07 IST" duration-ms="0" status="PASS">
          <reporter-output>
          </reporter-output>
        </test-method> <!-- tearDown -->
      </class> <!-- com.Test.ShippingCartTest -->
    </test> <!-- Default test -->
  </suite> <!-- Default suite -->
</testng-results>
