<?xml version="1.0" encoding="UTF-8"?>
<testng-results ignored="0" total="1" passed="1" failed="0" skipped="0">
  <reporter-output>
  </reporter-output>
  <suite started-at="2024-01-22T17:22:09 IST" name="Default suite" finished-at="2024-01-22T17:22:18 IST" duration-ms="8653">
    <groups>
    </groups>
    <test started-at="2024-01-22T17:22:09 IST" name="Default test" finished-at="2024-01-22T17:22:18 IST" duration-ms="8653">
      <class name="com.Test.AddCartTest">
        <test-method is-config="true" signature="setup()[pri:0, instance:com.Test.AddCartTest@291ae]" started-at="2024-01-22T17:22:09 IST" name="setup" finished-at="2024-01-22T17:22:15 IST" duration-ms="5789" status="PASS">
          <reporter-output>
          </reporter-output>
        </test-method> <!-- setup -->
        <test-method is-config="true" signature="getPageClassObject()[pri:0, instance:com.Test.AddCartTest@291ae]" started-at="2024-01-22T17:22:15 IST" name="getPageClassObject" finished-at="2024-01-22T17:22:15 IST" duration-ms="32" status="PASS">
          <reporter-output>
          </reporter-output>
        </test-method> <!-- getPageClassObject -->
        <test-method signature="AddToCart()[pri:0, instance:com.Test.AddCartTest@291ae]" started-at="2024-01-22T17:22:15 IST" name="AddToCart" finished-at="2024-01-22T17:22:18 IST" duration-ms="2792" status="PASS">
          <reporter-output>
          </reporter-output>
        </test-method> <!-- AddToCart -->
        <test-method is-config="true" signature="tearDown()[pri:0, instance:com.Test.AddCartTest@291ae]" started-at="2024-01-22T17:22:18 IST" name="tearDown" finished-at="2024-01-22T17:22:18 IST" duration-ms="0" status="PASS">
          <reporter-output>
          </reporter-output>
        </test-method> <!-- tearDown -->
      </class> <!-- com.Test.AddCartTest -->
    </test> <!-- Default test -->
  </suite> <!-- Default suite -->
</testng-results>
